-------------------------------------------------------------------------------
Test set: com.mulesoft.training.HelloMavenTest
-------------------------------------------------------------------------------
Tests run: 1, Failures: 0, Errors: 1, Skipped: 0, Time elapsed: 2.372 s <<< FAILURE! - in com.mulesoft.training.HelloMavenTest
mavenFlowReturnsHelloMaven(com.mulesoft.training.HelloMavenTest)  Time elapsed: 1.694 s  <<< ERROR!
org.mule.api.config.ConfigurationException: Error creating bean with name '_muleNotificationManager': FactoryBean threw exception on object creation; nested exception is org.springframework.beans.factory.BeanCreationException: Error creating bean with name '_muleTransactionManager': Injection of autowired dependencies failed; nested exception is org.springframework.beans.factory.BeanCreationException: Could not autowire field: private org.mule.api.transaction.TransactionManagerFactory org.mule.config.spring.factories.TransactionManagerFactoryBean.txManagerFactory; nested exception is org.springframework.beans.factory.CannotLoadBeanClassException: Cannot find class [com.mulesoft.training.Database] for bean with name 'Bean' defined in URL [file:/Users/ekeeton/Training/Workspace/maven-project/target/test-classes/maven-project.xml]; nested exception is java.lang.ClassNotFoundException: com.mulesoft.training.Database (org.mule.api.lifecycle.InitialisationException)
Caused by: org.mule.api.lifecycle.InitialisationException: Error creating bean with name '_muleNotificationManager': FactoryBean threw exception on object creation; nested exception is org.springframework.beans.factory.BeanCreationException: Error creating bean with name '_muleTransactionManager': Injection of autowired dependencies failed; nested exception is org.springframework.beans.factory.BeanCreationException: Could not autowire field: private org.mule.api.transaction.TransactionManagerFactory org.mule.config.spring.factories.TransactionManagerFactoryBean.txManagerFactory; nested exception is org.springframework.beans.factory.CannotLoadBeanClassException: Cannot find class [com.mulesoft.training.Database] for bean with name 'Bean' defined in URL [file:/Users/ekeeton/Training/Workspace/maven-project/target/test-classes/maven-project.xml]; nested exception is java.lang.ClassNotFoundException: com.mulesoft.training.Database
Caused by: org.springframework.beans.factory.BeanCreationException: Error creating bean with name '_muleNotificationManager': FactoryBean threw exception on object creation; nested exception is org.springframework.beans.factory.BeanCreationException: Error creating bean with name '_muleTransactionManager': Injection of autowired dependencies failed; nested exception is org.springframework.beans.factory.BeanCreationException: Could not autowire field: private org.mule.api.transaction.TransactionManagerFactory org.mule.config.spring.factories.TransactionManagerFactoryBean.txManagerFactory; nested exception is org.springframework.beans.factory.CannotLoadBeanClassException: Cannot find class [com.mulesoft.training.Database] for bean with name 'Bean' defined in URL [file:/Users/ekeeton/Training/Workspace/maven-project/target/test-classes/maven-project.xml]; nested exception is java.lang.ClassNotFoundException: com.mulesoft.training.Database
Caused by: org.springframework.beans.factory.BeanCreationException: Error creating bean with name '_muleTransactionManager': Injection of autowired dependencies failed; nested exception is org.springframework.beans.factory.BeanCreationException: Could not autowire field: private org.mule.api.transaction.TransactionManagerFactory org.mule.config.spring.factories.TransactionManagerFactoryBean.txManagerFactory; nested exception is org.springframework.beans.factory.CannotLoadBeanClassException: Cannot find class [com.mulesoft.training.Database] for bean with name 'Bean' defined in URL [file:/Users/ekeeton/Training/Workspace/maven-project/target/test-classes/maven-project.xml]; nested exception is java.lang.ClassNotFoundException: com.mulesoft.training.Database
Caused by: org.springframework.beans.factory.BeanCreationException: Could not autowire field: private org.mule.api.transaction.TransactionManagerFactory org.mule.config.spring.factories.TransactionManagerFactoryBean.txManagerFactory; nested exception is org.springframework.beans.factory.CannotLoadBeanClassException: Cannot find class [com.mulesoft.training.Database] for bean with name 'Bean' defined in URL [file:/Users/ekeeton/Training/Workspace/maven-project/target/test-classes/maven-project.xml]; nested exception is java.lang.ClassNotFoundException: com.mulesoft.training.Database
Caused by: org.springframework.beans.factory.CannotLoadBeanClassException: Cannot find class [com.mulesoft.training.Database] for bean with name 'Bean' defined in URL [file:/Users/ekeeton/Training/Workspace/maven-project/target/test-classes/maven-project.xml]; nested exception is java.lang.ClassNotFoundException: com.mulesoft.training.Database
Caused by: java.lang.ClassNotFoundException: com.mulesoft.training.Database

